# JRE version: OpenJDK Runtime Environment Zulu11.64+19-CA (11.0.19+7) (build 11.0.19+7-LTS)
# Java VM: OpenJDK 64-Bit Server VM Zulu11.64+19-CA (11.0.19+7-LTS, mixed mode, tiered, compressed oops, g1 gc, bsd-amd64)
Heap:
 garbage-first heap   total 328704K, used 205236K [0x0000000780000000, 0x0000000800000000)
  region size 1024K, 12 young (12288K), 2 survivors (2048K)
 Metaspace       used 128105K, capacity 132865K, committed 133032K, reserved 632832K
  class space    used 16302K, capacity 18004K, committed 18124K, reserved 516096K
GC Heap History (20 events):
Event: 1881.629 GC heap after
{Heap after GC invocations=64 (full 0):
 garbage-first heap   total 328704K, used 208779K [0x0000000780000000, 0x0000000800000000)
  region size 1024K, 4 young (4096K), 4 survivors (4096K)
 Metaspace       used 127098K, capacity 131743K, committed 131880K, reserved 630784K
  class space    used 16275K, capacity 17969K, committed 17996K, reserved 516096K
}
Event: 3006.178 GC heap before
{Heap before GC invocations=65 (full 0):
 garbage-first heap   total 328704K, used 258955K [0x0000000780000000, 0x0000000800000000)
  region size 1024K, 62 young (63488K), 4 survivors (4096K)
 Metaspace       used 126980K, capacity 131444K, committed 132136K, reserved 630784K
  class space    used 16202K, capacity 17828K, committed 17996K, reserved 516096K
}
Event: 3006.214 GC heap after
{Heap after GC invocations=66 (full 0):
 garbage-first heap   total 328704K, used 204242K [0x0000000780000000, 0x0000000800000000)
  region size 1024K, 8 young (8192K), 8 survivors (8192K)
 Metaspace       used 126980K, capacity 131444K, committed 132136K, reserved 630784K
  class space    used 16202K, capacity 17828K, committed 17996K, reserved 516096K
}
Event: 3006.303 GC heap before
{Heap before GC invocations=66 (full 0):
 garbage-first heap   total 328704K, used 212434K [0x0000000780000000, 0x0000000800000000)
  region size 1024K, 16 young (16384K), 8 survivors (8192K)
 Metaspace       used 126991K, capacity 131445K, committed 132136K, reserved 630784K
  class space    used 16202K, capacity 17828K, committed 17996K, reserved 516096K
}
Event: 3006.376 GC heap after
{Heap after GC invocations=67 (full 0):
 garbage-first heap   total 328704K, used 185781K [0x0000000780000000, 0x0000000800000000)
  region size 1024K, 2 young (2048K), 2 survivors (2048K)
 Metaspace       used 126991K, capacity 131445K, committed 132136K, reserved 630784K
  class space    used 16202K, capacity 17828K, committed 17996K, reserved 516096K
}
Event: 3006.477 GC heap before
{Heap before GC invocations=67 (full 0):
 garbage-first heap   total 328704K, used 199093K [0x0000000780000000, 0x0000000800000000)
  region size 1024K, 16 young (16384K), 2 survivors (2048K)
 Metaspace       used 127097K, capacity 131535K, committed 132136K, reserved 630784K
  class space    used 16211K, capacity 17844K, committed 17996K, reserved 516096K
}
Event: 3006.524 GC heap after
{Heap after GC invocations=68 (full 0):
 garbage-first heap   total 328704K, used 181248K [0x0000000780000000, 0x0000000800000000)
  region size 1024K, 2 young (2048K), 2 survivors (2048K)
 Metaspace       used 127097K, capacity 131535K, committed 132136K, reserved 630784K
  class space    used 16211K, capacity 17844K, committed 17996K, reserved 516096K
}
Event: 3010.389 GC heap before
{Heap before GC invocations=68 (full 0):
 garbage-first heap   total 328704K, used 254976K [0x0000000780000000, 0x0000000800000000)
  region size 1024K, 74 young (75776K), 2 survivors (2048K)
 Metaspace       used 127330K, capacity 131832K, committed 132136K, reserved 630784K
  class space    used 16226K, capacity 17872K, committed 17996K, reserved 516096K
}
Event: 3010.450 GC heap after
{Heap after GC invocations=69 (full 0):
 garbage-first heap   total 328704K, used 198656K [0x0000000780000000, 0x0000000800000000)
  region size 1024K, 10 young (10240K), 10 survivors (10240K)
 Metaspace       used 127330K, capacity 131832K, committed 132136K, reserved 630784K
  class space    used 16226K, capacity 17872K, committed 17996K, reserved 516096K
}
Event: 3012.967 GC heap before
{Heap before GC invocations=70 (full 0):
 garbage-first heap   total 328704K, used 257024K [0x0000000780000000, 0x0000000800000000)
  region size 1024K, 72 young (73728K), 10 survivors (10240K)
 Metaspace       used 127142K, capacity 131496K, committed 132136K, reserved 630784K
  class space    used 16154K, capacity 17734K, committed 17996K, reserved 516096K
}
Event: 3013.002 GC heap after
{Heap after GC invocations=71 (full 0):
 garbage-first heap   total 328704K, used 203692K [0x0000000780000000, 0x0000000800000000)
  region size 1024K, 9 young (9216K), 9 survivors (9216K)
 Metaspace       used 127142K, capacity 131496K, committed 132136K, reserved 630784K
  class space    used 16154K, capacity 17734K, committed 17996K, reserved 516096K
}
Event: 3013.054 GC heap before
{Heap before GC invocations=71 (full 0):
 garbage-first heap   total 328704K, used 210860K [0x0000000780000000, 0x0000000800000000)
  region size 1024K, 16 young (16384K), 9 survivors (9216K)
 Metaspace       used 127163K, capacity 131560K, committed 132392K, reserved 630784K
  class space    used 16154K, capacity 17734K, committed 17996K, reserved 516096K
}
Event: 3013.113 GC heap after
{Heap after GC invocations=72 (full 0):
 garbage-first heap   total 328704K, used 181221K [0x0000000780000000, 0x0000000800000000)
  region size 1024K, 2 young (2048K), 2 survivors (2048K)
 Metaspace       used 127163K, capacity 131560K, committed 132392K, reserved 630784K
  class space    used 16154K, capacity 17734K, committed 17996K, reserved 516096K
}
Event: 3013.263 GC heap before
{Heap before GC invocations=72 (full 0):
 garbage-first heap   total 328704K, used 195557K [0x0000000780000000, 0x0000000800000000)
  region size 1024K, 16 young (16384K), 2 survivors (2048K)
 Metaspace       used 127223K, capacity 131625K, committed 132392K, reserved 630784K
  class space    used 16154K, capacity 17734K, committed 17996K, reserved 516096K
}
Event: 3013.315 GC heap after
{Heap after GC invocations=73 (full 0):
 garbage-first heap   total 328704K, used 180736K [0x0000000780000000, 0x0000000800000000)
  region size 1024K, 2 young (2048K), 2 survivors (2048K)
 Metaspace       used 127223K, capacity 131625K, committed 132392K, reserved 630784K
  class space    used 16154K, capacity 17734K, committed 17996K, reserved 516096K
}
Event: 3013.903 GC heap before
{Heap before GC invocations=73 (full 0):
 garbage-first heap   total 328704K, used 250368K [0x0000000780000000, 0x0000000800000000)
  region size 1024K, 70 young (71680K), 2 survivors (2048K)
 Metaspace       used 127435K, capacity 131820K, committed 132392K, reserved 630784K
  class space    used 16174K, capacity 17771K, committed 17996K, reserved 516096K
}
Event: 3013.933 GC heap after
{Heap after GC invocations=74 (full 0):
 garbage-first heap   total 328704K, used 191488K [0x0000000780000000, 0x0000000800000000)
  region size 1024K, 9 young (9216K), 9 survivors (9216K)
 Metaspace       used 127435K, capacity 131820K, committed 132392K, reserved 630784K
  class space    used 16174K, capacity 17771K, committed 17996K, reserved 516096K
}
Event: 3769.627 GC heap before
{Heap before GC invocations=75 (full 0):
 garbage-first heap   total 328704K, used 256000K [0x0000000780000000, 0x0000000800000000)
  region size 1024K, 75 young (76800K), 9 survivors (9216K)
 Metaspace       used 128035K, capacity 132717K, committed 132904K, reserved 632832K
  class space    used 16288K, capacity 17978K, committed 17996K, reserved 516096K
}
Event: 3769.677 GC heap after
{Heap after GC invocations=76 (full 0):
 garbage-first heap   total 328704K, used 194996K [0x0000000780000000, 0x0000000800000000)
  region size 1024K, 6 young (6144K), 6 survivors (6144K)
 Metaspace       used 128035K, capacity 132717K, committed 132904K, reserved 632832K
  class space    used 16288K, capacity 17978K, committed 17996K, reserved 516096K
}
Event: 3769.743 GC heap before
{Heap before GC invocations=76 (full 0):
 garbage-first heap   total 328704K, used 204212K [0x0000000780000000, 0x0000000800000000)
  region size 1024K, 16 young (16384K), 6 survivors (6144K)
 Metaspace       used 128105K, capacity 132865K, committed 133032K, reserved 632832K
  class space    used 16302K, capacity 18004K, committed 18124K, reserved 516096K
}

